3d20 app_context::start_logger  503 ---- 2025/07/05 15:42:13.891 -------------------------------------------------
3d20 app_context::start_logger  506 Host process is 'cmd.exe' (pid 15648)
3d20 app_context::start_logger  510 DLL path is 'C:\Users\Fuyugi\work\refac_scishell\src\.cmder\vendor\clink'
3d20 app_context::start_logger  513 DLL base is 00007FFA6E7C0000
3d20 app_context::start_logger  528 Windows version 10.0.19044 (x64)
3d20 app_context::start_logger  530 Clink version 1.7.20.9f8e98 (x64)
3d20 hook_setter::hook_setter  176 >>> Started hook transaction.
3d20 hook_setter::attach_iat   351 Hooking SetEnvironmentVariableW in IAT for module 00007FF60B560000 in 'api-ms-win-core-processenvironment-l1-1-0.dll' at 00007FF60B593860 (value was 00007FFAE2622FC0).
3d20 hook_setter::attach_iat   351 Hooking SetEnvironmentStringsW in IAT for module 00007FF60B560000 in 'api-ms-win-core-processenvironment-l1-1-0.dll' at 00007FF60B593888 (value was 00007FFAE261D090).
3d20 hook_setter::attach_iat   351 Hooking WriteConsoleW in IAT for module 00007FF60B560000 in 'api-ms-win-core-console-l1-1-0.dll' at 00007FF60B5934F8 (value was 00007FFAE25C76D0).
3d20 hook_setter::attach_iat   351 Hooking GetEnvironmentVariableW in IAT for module 00007FF60B560000 in 'api-ms-win-core-processenvironment-l1-1-0.dll' at 00007FF60B593880 (value was 00007FFAE25E5430).
3d20 hook_setter::commit       227 <<< Hook transaction committed.
3d20 initialise_clink          237 Inject completed at 2025/07/05 15:42:13.907
3d20 hook_setter::hook_setter  176 >>> Started hook transaction.
3d20 hook_setter::detach_iat   411 Unhooking GetEnvironmentVariableW in IAT for module 00007FF60B560000 in 'api-ms-win-core-processenvironment-l1-1-0.dll' at 00007FFA6E7ECC90.
3d20 hook_setter::commit       227 <<< Hook transaction committed.
3d20 hook_setter::hook_setter  176 >>> Started hook transaction.
3d20 hook_setter::attach_iat   351 Hooking ReadConsoleW in IAT for module 00007FF60B560000 in 'api-ms-win-core-console-l1-1-0.dll' at 00007FF60B5934E0 (value was 00007FFAE26D0A30).
3d20 hook_setter::attach_iat   351 Hooking SetConsoleTitleW in IAT for module 00007FF60B560000 in 'api-ms-win-core-console-l2-2-0.dll' at 00007FF60B593558 (value was 00007FFAE2636930).
3d20 hook_setter::commit       227 <<< Hook transaction committed.
